[0.007s] Invoking command in '/home/lampa66/ws_moveita/build/hello_moveit': CMAKE_PREFIX_PATH=${CMAKE_PREFIX_PATH}:/opt/ros/humble /usr/bin/cmake --build /home/lampa66/ws_moveita/build/hello_moveit -- -j12 -l12
[0.036s] [35m[1mConsolidate compiler generated dependencies of target hello_moveit[0m
[0.050s] [ 50%] [32mBuilding CXX object CMakeFiles/hello_moveit.dir/src/hello_moveit.cpp.o[0m
[4.530s] [100%] [32m[1mLinking CXX executable hello_moveit[0m
[4.717s] [100%] Built target hello_moveit
[4.724s] Invoked command in '/home/lampa66/ws_moveita/build/hello_moveit' returned '0': CMAKE_PREFIX_PATH=${CMAKE_PREFIX_PATH}:/opt/ros/humble /usr/bin/cmake --build /home/lampa66/ws_moveita/build/hello_moveit -- -j12 -l12
[4.730s] Invoking command in '/home/lampa66/ws_moveita/build/hello_moveit': CMAKE_PREFIX_PATH=${CMAKE_PREFIX_PATH}:/opt/ros/humble /usr/bin/cmake --install /home/lampa66/ws_moveita/build/hello_moveit
[4.734s] -- Install configuration: ""
[4.734s] -- Installing: /home/lampa66/ws_moveita/install/hello_moveit/lib/hello_moveit/hello_moveit
[4.735s] -- Set runtime path of "/home/lampa66/ws_moveita/install/hello_moveit/lib/hello_moveit/hello_moveit" to ""
[4.735s] -- Up-to-date: /home/lampa66/ws_moveita/install/hello_moveit/share/hello_moveit/launch
[4.735s] -- Up-to-date: /home/lampa66/ws_moveita/install/hello_moveit/share/hello_moveit/launch/hello_moveit.launch.py
[4.735s] -- Up-to-date: /home/lampa66/ws_moveita/install/hello_moveit/share/ament_index/resource_index/package_run_dependencies/hello_moveit
[4.735s] -- Up-to-date: /home/lampa66/ws_moveita/install/hello_moveit/share/ament_index/resource_index/parent_prefix_path/hello_moveit
[4.735s] -- Up-to-date: /home/lampa66/ws_moveita/install/hello_moveit/share/hello_moveit/environment/ament_prefix_path.sh
[4.735s] -- Up-to-date: /home/lampa66/ws_moveita/install/hello_moveit/share/hello_moveit/environment/ament_prefix_path.dsv
[4.735s] -- Up-to-date: /home/lampa66/ws_moveita/install/hello_moveit/share/hello_moveit/environment/path.sh
[4.735s] -- Up-to-date: /home/lampa66/ws_moveita/install/hello_moveit/share/hello_moveit/environment/path.dsv
[4.735s] -- Up-to-date: /home/lampa66/ws_moveita/install/hello_moveit/share/hello_moveit/local_setup.bash
[4.735s] -- Up-to-date: /home/lampa66/ws_moveita/install/hello_moveit/share/hello_moveit/local_setup.sh
[4.735s] -- Up-to-date: /home/lampa66/ws_moveita/install/hello_moveit/share/hello_moveit/local_setup.zsh
[4.735s] -- Up-to-date: /home/lampa66/ws_moveita/install/hello_moveit/share/hello_moveit/local_setup.dsv
[4.735s] -- Installing: /home/lampa66/ws_moveita/install/hello_moveit/share/hello_moveit/package.dsv
[4.736s] -- Up-to-date: /home/lampa66/ws_moveita/install/hello_moveit/share/ament_index/resource_index/packages/hello_moveit
[4.736s] -- Up-to-date: /home/lampa66/ws_moveita/install/hello_moveit/share/hello_moveit/cmake/hello_moveitConfig.cmake
[4.736s] -- Up-to-date: /home/lampa66/ws_moveita/install/hello_moveit/share/hello_moveit/cmake/hello_moveitConfig-version.cmake
[4.736s] -- Up-to-date: /home/lampa66/ws_moveita/install/hello_moveit/share/hello_moveit/package.xml
[4.737s] Invoked command in '/home/lampa66/ws_moveita/build/hello_moveit' returned '0': CMAKE_PREFIX_PATH=${CMAKE_PREFIX_PATH}:/opt/ros/humble /usr/bin/cmake --install /home/lampa66/ws_moveita/build/hello_moveit
