[0.007s] Invoking command in '/home/lampa66/ws_moveita/build/hello_moveit': CMAKE_PREFIX_PATH=${CMAKE_PREFIX_PATH}:/opt/ros/humble /usr/bin/cmake --build /home/lampa66/ws_moveita/build/hello_moveit -- -j12 -l12
[0.024s] -- Found ament_cmake: 1.3.11 (/opt/ros/humble/share/ament_cmake/cmake)
[0.107s] -- Found moveit_ros_planning_interface: 2.5.8 (/opt/ros/humble/share/moveit_ros_planning_interface/cmake)
[0.116s] -- Found Boost: /usr/lib/x86_64-linux-gnu/cmake/Boost-1.74.0/BoostConfig.cmake (found version "1.74.0") found components: date_time filesystem program_options system thread 
[0.136s] -- Found rosidl_generator_c: 3.1.6 (/opt/ros/humble/share/rosidl_generator_c/cmake)
[0.138s] -- Found rosidl_adapter: 3.1.6 (/opt/ros/humble/share/rosidl_adapter/cmake)
[0.142s] -- Found rosidl_generator_cpp: 3.1.6 (/opt/ros/humble/share/rosidl_generator_cpp/cmake)
[0.149s] -- Using all available rosidl_typesupport_c: rosidl_typesupport_fastrtps_c;rosidl_typesupport_introspection_c
[0.157s] -- Using all available rosidl_typesupport_cpp: rosidl_typesupport_fastrtps_cpp;rosidl_typesupport_introspection_cpp
[0.280s] -- Found Boost: /usr/lib/x86_64-linux-gnu/cmake/Boost-1.74.0/BoostConfig.cmake (found version "1.74.0") found components: chrono date_time filesystem iostreams program_options regex serialization system thread 
[0.299s] -- Found parameter_traits: 0.4.0 (/opt/ros/humble/share/parameter_traits/cmake)
[0.318s] -- Found rmw_implementation_cmake: 6.1.2 (/opt/ros/humble/share/rmw_implementation_cmake/cmake)
[0.319s] -- Found rmw_fastrtps_cpp: 6.2.7 (/opt/ros/humble/share/rmw_fastrtps_cpp/cmake)
[0.385s] -- Using RMW implementation 'rmw_fastrtps_cpp' as default
[0.414s] -- Found rclcpp_lifecycle: 16.0.11 (/opt/ros/humble/share/rclcpp_lifecycle/cmake)
[0.428s] -- Found Boost: /usr/lib/x86_64-linux-gnu/cmake/Boost-1.74.0/BoostConfig.cmake (found version "1.74.0") found components: filesystem 
[0.448s] -- library: /usr/lib/x86_64-linux-gnu/libcurl.so
[0.466s] -- Ensuring Eigen3 include directory is part of orocos-kdl CMake target
[0.540s] -- Found Boost: /usr/lib/x86_64-linux-gnu/cmake/Boost-1.74.0/BoostConfig.cmake (found version "1.74.0") found components: system filesystem date_time program_options thread chrono 
[0.559s] -- Found Boost: /usr/lib/x86_64-linux-gnu/cmake/Boost-1.74.0/BoostConfig.cmake (found version "1.74.0") found components: thread system filesystem regex date_time program_options 
[0.573s] -- Found Boost: /usr/lib/x86_64-linux-gnu/cmake/Boost-1.74.0/BoostConfig.cmake (found version "1.74.0") found components: system filesystem date_time program_options thread 
[0.595s] -- Found ament_lint_auto: 0.12.11 (/opt/ros/humble/share/ament_lint_auto/cmake)
[0.644s] -- Added test 'cppcheck' to perform static code analysis on C / C++ code
[0.644s] -- Configured cppcheck include dirs: $<BUILD_INTERFACE:/home/lampa66/ws_moveita/src/hello_moveit/include>
[0.644s] -- Configured cppcheck exclude dirs and/or files: 
[0.644s] -- Added test 'flake8' to check Python code syntax and style conventions
[0.645s] -- Added test 'lint_cmake' to check CMake code style
[0.645s] -- Added test 'pep257' to check Python code against some of the docstring style conventions in PEP 257
[0.645s] -- Added test 'uncrustify' to check C / C++ code style
[0.645s] -- Configured uncrustify additional arguments: 
[0.646s] -- Added test 'xmllint' to check XML markup files
[0.646s] -- Configuring done
[0.662s] -- Generating done
[0.667s] -- Build files have been written to: /home/lampa66/ws_moveita/build/hello_moveit
[0.687s] [35m[1mConsolidate compiler generated dependencies of target hello_moveit[0m
[0.703s] [100%] Built target hello_moveit
[0.713s] Invoked command in '/home/lampa66/ws_moveita/build/hello_moveit' returned '0': CMAKE_PREFIX_PATH=${CMAKE_PREFIX_PATH}:/opt/ros/humble /usr/bin/cmake --build /home/lampa66/ws_moveita/build/hello_moveit -- -j12 -l12
[0.723s] Invoking command in '/home/lampa66/ws_moveita/build/hello_moveit': CMAKE_PREFIX_PATH=${CMAKE_PREFIX_PATH}:/opt/ros/humble /usr/bin/cmake --install /home/lampa66/ws_moveita/build/hello_moveit
[0.730s] -- Install configuration: ""
[0.730s] -- Up-to-date: /home/lampa66/ws_moveita/install/hello_moveit/lib/hello_moveit/hello_moveit
[0.730s] -- Installing: /home/lampa66/ws_moveita/install/hello_moveit/share/hello_moveit/launch
[0.730s] -- Installing: /home/lampa66/ws_moveita/install/hello_moveit/share/hello_moveit/launch/hello_moveit.launch.py
[0.730s] -- Installing: /home/lampa66/ws_moveita/install/hello_moveit/share/ament_index/resource_index/package_run_dependencies/hello_moveit
[0.730s] -- Installing: /home/lampa66/ws_moveita/install/hello_moveit/share/ament_index/resource_index/parent_prefix_path/hello_moveit
[0.730s] -- Up-to-date: /home/lampa66/ws_moveita/install/hello_moveit/share/hello_moveit/environment/ament_prefix_path.sh
[0.730s] -- Installing: /home/lampa66/ws_moveita/install/hello_moveit/share/hello_moveit/environment/ament_prefix_path.dsv
[0.730s] -- Up-to-date: /home/lampa66/ws_moveita/install/hello_moveit/share/hello_moveit/environment/path.sh
[0.731s] -- Installing: /home/lampa66/ws_moveita/install/hello_moveit/share/hello_moveit/environment/path.dsv
[0.731s] -- Up-to-date: /home/lampa66/ws_moveita/install/hello_moveit/share/hello_moveit/local_setup.bash
[0.731s] -- Up-to-date: /home/lampa66/ws_moveita/install/hello_moveit/share/hello_moveit/local_setup.sh
[0.731s] -- Up-to-date: /home/lampa66/ws_moveita/install/hello_moveit/share/hello_moveit/local_setup.zsh
[0.731s] -- Installing: /home/lampa66/ws_moveita/install/hello_moveit/share/hello_moveit/local_setup.dsv
[0.731s] -- Installing: /home/lampa66/ws_moveita/install/hello_moveit/share/hello_moveit/package.dsv
[0.731s] -- Up-to-date: /home/lampa66/ws_moveita/install/hello_moveit/share/ament_index/resource_index/packages/hello_moveit
[0.731s] -- Up-to-date: /home/lampa66/ws_moveita/install/hello_moveit/share/hello_moveit/cmake/hello_moveitConfig.cmake
[0.731s] -- Up-to-date: /home/lampa66/ws_moveita/install/hello_moveit/share/hello_moveit/cmake/hello_moveitConfig-version.cmake
[0.731s] -- Installing: /home/lampa66/ws_moveita/install/hello_moveit/share/hello_moveit/package.xml
[0.733s] Invoked command in '/home/lampa66/ws_moveita/build/hello_moveit' returned '0': CMAKE_PREFIX_PATH=${CMAKE_PREFIX_PATH}:/opt/ros/humble /usr/bin/cmake --install /home/lampa66/ws_moveita/build/hello_moveit
