[0.007s] Invoking command in '/home/lampa66/ws_moveita/build/hello_moveit': CMAKE_PREFIX_PATH=${CMAKE_PREFIX_PATH}:/opt/ros/humble /usr/bin/cmake --build /home/lampa66/ws_moveita/build/hello_moveit -- -j12 -l12
[0.041s] [35m[1mConsolidate compiler generated dependencies of target hello_moveit[0m
[0.055s] [100%] Built target hello_moveit
[0.062s] Invoked command in '/home/lampa66/ws_moveita/build/hello_moveit' returned '0': CMAKE_PREFIX_PATH=${CMAKE_PREFIX_PATH}:/opt/ros/humble /usr/bin/cmake --build /home/lampa66/ws_moveita/build/hello_moveit -- -j12 -l12
[0.068s] Invoking command in '/home/lampa66/ws_moveita/build/hello_moveit': CMAKE_PREFIX_PATH=${CMAKE_PREFIX_PATH}:/opt/ros/humble /usr/bin/cmake --install /home/lampa66/ws_moveita/build/hello_moveit
[0.072s] -- Install configuration: ""
[0.072s] -- Up-to-date: /home/lampa66/ws_moveita/install/hello_moveit/lib/hello_moveit/hello_moveit
[0.072s] -- Up-to-date: /home/lampa66/ws_moveita/install/hello_moveit/share/hello_moveit/launch
[0.072s] -- Up-to-date: /home/lampa66/ws_moveita/install/hello_moveit/share/hello_moveit/launch/hello_moveit.launch.py
[0.072s] -- Up-to-date: /home/lampa66/ws_moveita/install/hello_moveit/share/ament_index/resource_index/package_run_dependencies/hello_moveit
[0.072s] -- Up-to-date: /home/lampa66/ws_moveita/install/hello_moveit/share/ament_index/resource_index/parent_prefix_path/hello_moveit
[0.072s] -- Up-to-date: /home/lampa66/ws_moveita/install/hello_moveit/share/hello_moveit/environment/ament_prefix_path.sh
[0.072s] -- Up-to-date: /home/lampa66/ws_moveita/install/hello_moveit/share/hello_moveit/environment/ament_prefix_path.dsv
[0.072s] -- Up-to-date: /home/lampa66/ws_moveita/install/hello_moveit/share/hello_moveit/environment/path.sh
[0.072s] -- Up-to-date: /home/lampa66/ws_moveita/install/hello_moveit/share/hello_moveit/environment/path.dsv
[0.072s] -- Up-to-date: /home/lampa66/ws_moveita/install/hello_moveit/share/hello_moveit/local_setup.bash
[0.073s] -- Up-to-date: /home/lampa66/ws_moveita/install/hello_moveit/share/hello_moveit/local_setup.sh
[0.073s] -- Up-to-date: /home/lampa66/ws_moveita/install/hello_moveit/share/hello_moveit/local_setup.zsh
[0.073s] -- Up-to-date: /home/lampa66/ws_moveita/install/hello_moveit/share/hello_moveit/local_setup.dsv
[0.073s] -- Installing: /home/lampa66/ws_moveita/install/hello_moveit/share/hello_moveit/package.dsv
[0.073s] -- Up-to-date: /home/lampa66/ws_moveita/install/hello_moveit/share/ament_index/resource_index/packages/hello_moveit
[0.073s] -- Up-to-date: /home/lampa66/ws_moveita/install/hello_moveit/share/hello_moveit/cmake/hello_moveitConfig.cmake
[0.073s] -- Up-to-date: /home/lampa66/ws_moveita/install/hello_moveit/share/hello_moveit/cmake/hello_moveitConfig-version.cmake
[0.073s] -- Up-to-date: /home/lampa66/ws_moveita/install/hello_moveit/share/hello_moveit/package.xml
[0.074s] Invoked command in '/home/lampa66/ws_moveita/build/hello_moveit' returned '0': CMAKE_PREFIX_PATH=${CMAKE_PREFIX_PATH}:/opt/ros/humble /usr/bin/cmake --install /home/lampa66/ws_moveita/build/hello_moveit
